#
# A fatal error has been detected by the Java Runtime Environment:
#
#  EXCEPTION_ACCESS_VIOLATION (0xc0000005) at pc=0xffffffffa3795120, pid=4744, tid=0x0000000000000e40
#
# JRE version: Java(TM) SE Runtime Environment (8.0_121-b13) (build 1.8.0_121-b13)
# Java VM: Java HotSpot(TM) 64-Bit Server VM (25.121-b13 mixed mode windows-amd64 compressed oops)
# Problematic frame:
# C  0xffffffffa3795120
#
# Failed to write core dump. Minidumps are not enabled by default on client versions of Windows
#
# If you would like to submit a bug report, please visit:
#   http://bugreport.java.com/bugreport/crash.jsp
#

---------------  T H R E A D  ---------------

Current thread (0x00000000021af000):  JavaThread "main" [_thread_in_Java, id=3648, stack(0x00000000023c0000,0x00000000024c0000)]

siginfo: ExceptionCode=0xc0000005, ExceptionInformation=0x0000000000000008 0xffffffffa3795120

Registers:
RAX=0x0000000014675a30, RBX=0x0000000059547308, RCX=0x00000000ecb0a458, RDX=0x00000000ecbdee48
RSP=0x00000000024b5338, RBP=0x00000000024b5548, RSI=0x00000000ecb10ab0, RDI=0x00000000ecbdee48
R8 =0x00000000ecb10ab0, R9 =0x0000000000000000, R10=0x0000000014675a30, R11=0x0000000002c3c8a0
R12=0x0000000000000000, R13=0x00000000024b54f8, R14=0x00000000024b5568, R15=0x00000000021af000
RIP=0xffffffffa3795120, EFLAGS=0x0000000000010246

Top of Stack: (sp=0x00000000024b5338)
0x00000000024b5338:   0000000002c2b6cc 00000000595404e8
0x00000000024b5348:   0000000059523480 0000000059537e58
0x00000000024b5358:   00000000024b5358 00000000595405a8
0x00000000024b5368:   00000000024b53b0 00000000ecbdee48
0x00000000024b5378:   00000000ecb10ab0 000000005955adf0
0x00000000024b5388:   00000000594e87e8 00000000024b5548
0x00000000024b5398:   0000000002c3c98c 0000000002797ea0
0x00000000024b53a8:   0000000059532d88 0000000000000000
0x00000000024b53b8:   0000000059540320 0000000059522d48
0x00000000024b53c8:   00000000595404c8 000000005953d580
0x00000000024b53d8:   000000005953e1e0 000000005955ad90
0x00000000024b53e8:   0000000059522d48 00000000595405c8
0x00000000024b53f8:   00000000595442b8 0000000002790622
0x00000000024b5408:   00000000eb230f60 0000000059578818
0x00000000024b5418:   00000000028a1519 0000000059560758
0x00000000024b5428:   000000005953e200 0000000059532d68 

Instructions: (pc=0xffffffffa3795120)
0xffffffffa3795100:   
[error occurred during error reporting (printing registers, top of stack, instructions near pc), id 0xc0000005]

Register to memory mapping:

RAX=0x0000000014675a30 is pointing into metadata
RBX=0x0000000059547308 is pointing into metadata
RCX=0x00000000ecb0a458 is an oop
com.google.inject.internal.InjectorImpl 
 - klass: 'com/google/inject/internal/InjectorImpl'
RDX=0x00000000ecbdee48 is an oop
java.lang.ThreadLocal 
 - klass: 'java/lang/ThreadLocal'
RSP=0x00000000024b5338 is pointing into the stack for thread: 0x00000000021af000
RBP=0x00000000024b5548 is pointing into the stack for thread: 0x00000000021af000
RSI=0x00000000ecb10ab0 is an oop
java.lang.Thread 
 - klass: 'java/lang/Thread'
RDI=0x00000000ecbdee48 is an oop
java.lang.ThreadLocal 
 - klass: 'java/lang/ThreadLocal'
R8 =0x00000000ecb10ab0 is an oop
java.lang.Thread 
 - klass: 'java/lang/Thread'
R9 =0x0000000000000000 is an unknown value
R10=0x0000000014675a30 is pointing into metadata
R11=0x0000000002c3c8a0 is at entry_point+32 in (nmethod*)0x0000000002c3c4d0
R12=0x0000000000000000 is an unknown value
R13=0x00000000024b54f8 is pointing into the stack for thread: 0x00000000021af000
R14=0x00000000024b5568 is pointing into the stack for thread: 0x00000000021af000
R15=0x00000000021af000 is a thread


Stack: [0x00000000023c0000,0x00000000024c0000],  sp=0x00000000024b5338,  free space=980k
Native frames: (J=compiled Java code, j=interpreted, Vv=VM code, C=native code)
C  0xffffffffa3795120


---------------  P R O C E S S  ---------------

Java Threads: ( => current thread )
  0x00000000568f6000 JavaThread "Service Thread" daemon [_thread_blocked, id=6656, stack(0x00000000577a0000,0x00000000578a0000)]
  0x00000000568dc000 JavaThread "C1 CompilerThread2" daemon [_thread_blocked, id=7068, stack(0x0000000057690000,0x0000000057790000)]
  0x000000005687f800 JavaThread "C2 CompilerThread1" daemon [_thread_in_native, id=5796, stack(0x0000000057100000,0x0000000057200000)]
  0x000000005687b000 JavaThread "C2 CompilerThread0" daemon [_thread_blocked, id=4864, stack(0x0000000057460000,0x0000000057560000)]
  0x000000005686f000 JavaThread "JDWP Command Reader" daemon [_thread_in_native, id=6856, stack(0x0000000057230000,0x0000000057330000)]
  0x000000005686b800 JavaThread "JDWP Event Helper Thread" daemon [_thread_blocked, id=1028, stack(0x0000000057000000,0x0000000057100000)]
  0x000000005504f000 JavaThread "JDWP Transport Listener: dt_socket" daemon [_thread_blocked, id=536, stack(0x0000000056eb0000,0x0000000056fb0000)]
  0x0000000055044000 JavaThread "Attach Listener" daemon [_thread_blocked, id=7080, stack(0x0000000056760000,0x0000000056860000)]
  0x0000000055041800 JavaThread "Signal Dispatcher" daemon [_thread_blocked, id=6008, stack(0x00000000565a0000,0x00000000566a0000)]
  0x0000000055029000 JavaThread "Finalizer" daemon [_thread_blocked, id=5056, stack(0x0000000056420000,0x0000000056520000)]
  0x0000000054fe2000 JavaThread "Reference Handler" daemon [_thread_blocked, id=4044, stack(0x0000000056180000,0x0000000056280000)]
=>0x00000000021af000 JavaThread "main" [_thread_in_Java, id=3648, stack(0x00000000023c0000,0x00000000024c0000)]

Other Threads:
  0x0000000054fda800 VMThread [stack: 0x0000000056070000,0x0000000056170000] [id=4252]
  0x0000000056908800 WatcherThread [stack: 0x00000000579e0000,0x0000000057ae0000] [id=7024]

VM state:not at safepoint (normal execution)

VM Mutex/Monitor currently owned by a thread: None

Heap:
 PSYoungGen      total 35328K, used 10485K [0x00000000eab00000, 0x00000000ef000000, 0x0000000100000000)
  eden space 32768K, 24% used [0x00000000eab00000,0x00000000eb2c1680,0x00000000ecb00000)
  from space 2560K, 99% used [0x00000000ecb00000,0x00000000ecd7c010,0x00000000ecd80000)
  to   space 2560K, 0% used [0x00000000eed80000,0x00000000eed80000,0x00000000ef000000)
 ParOldGen       total 44032K, used 5193K [0x00000000c0000000, 0x00000000c2b00000, 0x00000000eab00000)
  object space 44032K, 11% used [0x00000000c0000000,0x00000000c05126d8,0x00000000c2b00000)
 Metaspace       used 12527K, capacity 12704K, committed 13056K, reserved 1060864K
  class space    used 1596K, capacity 1674K, committed 1792K, reserved 1048576K

Card table byte_map: [0x0000000011b50000,0x0000000011d60000] byte_map_base: 0x0000000011550000

Marking Bits: (ParMarkBitMap*) 0x00000000673eb6d0
 Begin Bits: [0x0000000012450000, 0x0000000013450000)
 End Bits:   [0x0000000013450000, 0x0000000014450000)

Polling page: 0x0000000000120000

CodeCache: size=245760Kb used=5008Kb max_used=5019Kb free=240751Kb
 bounds [0x0000000002790000, 0x0000000002c80000, 0x0000000011790000]
 total_blobs=1669 nmethods=1360 adapters=231
 compilation: enabled

Compilation events (10 events):
Event: 2.069 Thread 0x000000005687b000 1346       4       com.google.inject.TypeLiteral::<init> (43 bytes)
Event: 2.069 Thread 0x00000000568dc000 1350       1       com.google.inject.Key$AnnotationTypeStrategy::getAnnotationType (5 bytes)
Event: 2.069 Thread 0x00000000568dc000 nmethod 1350 0x0000000002c6dcd0 code [0x0000000002c6de20, 0x0000000002c6df30]
Event: 2.069 Thread 0x00000000568dc000 1351   !   3       com.google.inject.internal.MembersInjectorImpl::notifyListeners (71 bytes)
Event: 2.071 Thread 0x00000000568dc000 nmethod 1351 0x0000000002c6f1d0 code [0x0000000002c6f480, 0x0000000002c70a08]
Event: 2.071 Thread 0x00000000568dc000 1352       3       com.google.inject.internal.Errors::checkForNull (238 bytes)
Event: 2.074 Thread 0x00000000568dc000 nmethod 1352 0x0000000002c71690 code [0x0000000002c71b20, 0x0000000002c75338]
Event: 2.074 Thread 0x00000000568dc000 1356       1       java.lang.ThreadLocal::getMap (5 bytes)
Event: 2.075 Thread 0x00000000568dc000 nmethod 1356 0x0000000002c6d9d0 code [0x0000000002c6db20, 0x0000000002c6dc30]
Event: 2.075 Thread 0x00000000568dc000 1353   !   3       com.google.inject.internal.InjectorImpl$2::get (56 bytes)

GC Heap History (6 events):
Event: 0.674 GC heap before
{Heap before GC invocations=1 (full 0):
 PSYoungGen      total 18944K, used 16384K [0x00000000eab00000, 0x00000000ec000000, 0x0000000100000000)
  eden space 16384K, 100% used [0x00000000eab00000,0x00000000ebb00000,0x00000000ebb00000)
  from space 2560K, 0% used [0x00000000ebd80000,0x00000000ebd80000,0x00000000ec000000)
  to   space 2560K, 0% used [0x00000000ebb00000,0x00000000ebb00000,0x00000000ebd80000)
 ParOldGen       total 44032K, used 0K [0x00000000c0000000, 0x00000000c2b00000, 0x00000000eab00000)
  object space 44032K, 0% used [0x00000000c0000000,0x00000000c0000000,0x00000000c2b00000)
 Metaspace       used 6499K, capacity 6632K, committed 6784K, reserved 1056768K
  class space    used 773K, capacity 828K, committed 896K, reserved 1048576K
Event: 0.698 GC heap after
Heap after GC invocations=1 (full 0):
 PSYoungGen      total 18944K, used 2528K [0x00000000eab00000, 0x00000000ed000000, 0x0000000100000000)
  eden space 16384K, 0% used [0x00000000eab00000,0x00000000eab00000,0x00000000ebb00000)
  from space 2560K, 98% used [0x00000000ebb00000,0x00000000ebd78240,0x00000000ebd80000)
  to   space 2560K, 0% used [0x00000000ecd80000,0x00000000ecd80000,0x00000000ed000000)
 ParOldGen       total 44032K, used 588K [0x00000000c0000000, 0x00000000c2b00000, 0x00000000eab00000)
  object space 44032K, 1% used [0x00000000c0000000,0x00000000c0093198,0x00000000c2b00000)
 Metaspace       used 6499K, capacity 6632K, committed 6784K, reserved 1056768K
  class space    used 773K, capacity 828K, committed 896K, reserved 1048576K
}
Event: 1.018 GC heap before
{Heap before GC invocations=2 (full 0):
 PSYoungGen      total 18944K, used 18912K [0x00000000eab00000, 0x00000000ed000000, 0x0000000100000000)
  eden space 16384K, 100% used [0x00000000eab00000,0x00000000ebb00000,0x00000000ebb00000)
  from space 2560K, 98% used [0x00000000ebb00000,0x00000000ebd78240,0x00000000ebd80000)
  to   space 2560K, 0% used [0x00000000ecd80000,0x00000000ecd80000,0x00000000ed000000)
 ParOldGen       total 44032K, used 588K [0x00000000c0000000, 0x00000000c2b00000, 0x00000000eab00000)
  object space 44032K, 1% used [0x00000000c0000000,0x00000000c0093198,0x00000000c2b00000)
 Metaspace       used 7777K, capacity 8008K, committed 8320K, reserved 1056768K
  class space    used 984K, capacity 1052K, committed 1152K, reserved 1048576K
Event: 1.026 GC heap after
Heap after GC invocations=2 (full 0):
 PSYoungGen      total 35328K, used 2551K [0x00000000eab00000, 0x00000000ed000000, 0x0000000100000000)
  eden space 32768K, 0% used [0x00000000eab00000,0x00000000eab00000,0x00000000ecb00000)
  from space 2560K, 99% used [0x00000000ecd80000,0x00000000ecffdeb8,0x00000000ed000000)
  to   space 2560K, 0% used [0x00000000ecb00000,0x00000000ecb00000,0x00000000ecd80000)
 ParOldGen       total 44032K, used 853K [0x00000000c0000000, 0x00000000c2b00000, 0x00000000eab00000)
  object space 44032K, 1% used [0x00000000c0000000,0x00000000c00d56c0,0x00000000c2b00000)
 Metaspace       used 7777K, capacity 8008K, committed 8320K, reserved 1056768K
  class space    used 984K, capacity 1052K, committed 1152K, reserved 1048576K
}
Event: 1.820 GC heap before
{Heap before GC invocations=3 (full 0):
 PSYoungGen      total 35328K, used 35319K [0x00000000eab00000, 0x00000000ed000000, 0x0000000100000000)
  eden space 32768K, 100% used [0x00000000eab00000,0x00000000ecb00000,0x00000000ecb00000)
  from space 2560K, 99% used [0x00000000ecd80000,0x00000000ecffdeb8,0x00000000ed000000)
  to   space 2560K, 0% used [0x00000000ecb00000,0x00000000ecb00000,0x00000000ecd80000)
 ParOldGen       total 44032K, used 853K [0x00000000c0000000, 0x00000000c2b00000, 0x00000000eab00000)
  object space 44032K, 1% used [0x00000000c0000000,0x00000000c00d56c0,0x00000000c2b00000)
 Metaspace       used 11629K, capacity 11828K, committed 12160K, reserved 1060864K
  class space    used 1472K, capacity 1576K, committed 1664K, reserved 1048576K
Event: 1.833 GC heap after
Heap after GC invocations=3 (full 0):
 PSYoungGen      total 35328K, used 2544K [0x00000000eab00000, 0x00000000ef000000, 0x0000000100000000)
  eden space 32768K, 0% used [0x00000000eab00000,0x00000000eab00000,0x00000000ecb00000)
  from space 2560K, 99% used [0x00000000ecb00000,0x00000000ecd7c010,0x00000000ecd80000)
  to   space 2560K, 0% used [0x00000000eed80000,0x00000000eed80000,0x00000000ef000000)
 ParOldGen       total 44032K, used 5193K [0x00000000c0000000, 0x00000000c2b00000, 0x00000000eab00000)
  object space 44032K, 11% used [0x00000000c0000000,0x00000000c05126d8,0x00000000c2b00000)
 Metaspace       used 11629K, capacity 11828K, committed 12160K, reserved 1060864K
  class space    used 1472K, capacity 1576K, committed 1664K, reserved 1048576K
}

Deoptimization events (10 events):
Event: 1.882 Thread 0x00000000021af000 Uncommon trap: reason=range_check action=none pc=0x00000000029ff10c method=sun.reflect.generics.parser.SignatureParser.current()C @ 34
Event: 1.882 Thread 0x00000000021af000 Uncommon trap: reason=range_check action=none pc=0x00000000029ff10c method=sun.reflect.generics.parser.SignatureParser.current()C @ 34
Event: 1.883 Thread 0x00000000021af000 Uncommon trap: reason=range_check action=none pc=0x00000000029ff10c method=sun.reflect.generics.parser.SignatureParser.current()C @ 34
Event: 1.883 Thread 0x00000000021af000 Uncommon trap: reason=range_check action=none pc=0x00000000029ff10c method=sun.reflect.generics.parser.SignatureParser.current()C @ 34
Event: 1.883 Thread 0x00000000021af000 Uncommon trap: reason=range_check action=none pc=0x00000000029ff10c method=sun.reflect.generics.parser.SignatureParser.current()C @ 34
Event: 1.883 Thread 0x00000000021af000 Uncommon trap: reason=range_check action=none pc=0x00000000029ff10c method=sun.reflect.generics.parser.SignatureParser.current()C @ 34
Event: 1.901 Thread 0x00000000021af000 Uncommon trap: reason=range_check action=none pc=0x00000000029ff10c method=sun.reflect.generics.parser.SignatureParser.current()C @ 34
Event: 1.904 Thread 0x00000000021af000 Uncommon trap: reason=range_check action=none pc=0x00000000029ff10c method=sun.reflect.generics.parser.SignatureParser.current()C @ 34
Event: 1.905 Thread 0x00000000021af000 Uncommon trap: reason=range_check action=none pc=0x00000000029ff10c method=sun.reflect.generics.parser.SignatureParser.current()C @ 34
Event: 1.950 Thread 0x00000000021af000 Uncommon trap: reason=unstable_if action=reinterpret pc=0x0000000002b41148 method=java.util.concurrent.ConcurrentHashMap.putVal(Ljava/lang/Object;Ljava/lang/Object;Z)Ljava/lang/Object; @ 206

Internal exceptions (10 events):
Event: 1.883 Thread 0x00000000021af000 Exception <a 'java/lang/ArrayIndexOutOfBoundsException': 127> (0x00000000eac8d390) thrown at [C:\re\workspace\8-2-build-windows-amd64-cygwin\jdk8u121\8372\hotspot\src\share\vm\interpreter\interpreterRuntime.cpp, line 366]
Event: 1.883 Thread 0x00000000021af000 Exception <a 'java/lang/ArrayIndexOutOfBoundsException': 437> (0x00000000eac91b88) thrown at [C:\re\workspace\8-2-build-windows-amd64-cygwin\jdk8u121\8372\hotspot\src\share\vm\interpreter\interpreterRuntime.cpp, line 366]
Event: 1.883 Thread 0x00000000021af000 Exception <a 'java/lang/ArrayIndexOutOfBoundsException': 101> (0x00000000eac950d8) thrown at [C:\re\workspace\8-2-build-windows-amd64-cygwin\jdk8u121\8372\hotspot\src\share\vm\interpreter\interpreterRuntime.cpp, line 366]
Event: 1.883 Thread 0x00000000021af000 Exception <a 'java/lang/ArrayIndexOutOfBoundsException': 126> (0x00000000eac972f8) thrown at [C:\re\workspace\8-2-build-windows-amd64-cygwin\jdk8u121\8372\hotspot\src\share\vm\interpreter\interpreterRuntime.cpp, line 366]
Event: 1.901 Thread 0x00000000021af000 Exception <a 'java/lang/ArrayIndexOutOfBoundsException': 60> (0x00000000ead512a0) thrown at [C:\re\workspace\8-2-build-windows-amd64-cygwin\jdk8u121\8372\hotspot\src\share\vm\interpreter\interpreterRuntime.cpp, line 366]
Event: 1.904 Thread 0x00000000021af000 Exception <a 'java/lang/ArrayIndexOutOfBoundsException': 74> (0x00000000ead74420) thrown at [C:\re\workspace\8-2-build-windows-amd64-cygwin\jdk8u121\8372\hotspot\src\share\vm\interpreter\interpreterRuntime.cpp, line 366]
Event: 1.905 Thread 0x00000000021af000 Exception <a 'java/lang/ArrayIndexOutOfBoundsException': 57> (0x00000000ead813a8) thrown at [C:\re\workspace\8-2-build-windows-amd64-cygwin\jdk8u121\8372\hotspot\src\share\vm\interpreter\interpreterRuntime.cpp, line 366]
Event: 1.986 Thread 0x00000000021af000 Exception <a 'java/lang/NoClassDefFoundError': com/google/inject/servlet/ServletModuleTargetVisitor> (0x00000000eb0958e0) thrown at [C:\re\workspace\8-2-build-windows-amd64-cygwin\jdk8u121\8372\hotspot\src\share\vm\classfile\systemDictionary.cpp, line 199
Event: 1.986 Thread 0x00000000021af000 Exception <a 'java/lang/NoClassDefFoundError'> (0x00000000eb0958e0) thrown at [C:\re\workspace\8-2-build-windows-amd64-cygwin\jdk8u121\8372\hotspot\src\share\vm\prims\jvm.cpp, line 1394]
Event: 1.990 Thread 0x00000000021af000 Exception <a 'java/lang/NoClassDefFoundError': javax/annotation/Priority> (0x00000000eb09d080) thrown at [C:\re\workspace\8-2-build-windows-amd64-cygwin\jdk8u121\8372\hotspot\src\share\vm\classfile\systemDictionary.cpp, line 199]

Events (10 events):
Event: 2.066 Thread 0x00000000021af000 DEOPT PACKING pc=0x00000000029585b1 sp=0x00000000024b5af0
Event: 2.066 Thread 0x00000000021af000 DEOPT UNPACKING pc=0x00000000027d71bf sp=0x00000000024b5850 mode 1
Event: 2.066 Thread 0x00000000021af000 DEOPT PACKING pc=0x000000000294fb4c sp=0x00000000024b5c40
Event: 2.066 Thread 0x00000000021af000 DEOPT UNPACKING pc=0x00000000027d71bf sp=0x00000000024b59b8 mode 1
Event: 2.066 Thread 0x00000000021af000 DEOPT PACKING pc=0x00000000028e563c sp=0x00000000024b5cf0
Event: 2.066 Thread 0x00000000021af000 DEOPT UNPACKING pc=0x00000000027d71bf sp=0x00000000024b5b00 mode 1
Event: 2.066 Thread 0x00000000021af000 DEOPT PACKING pc=0x00000000029ab521 sp=0x00000000024b5d50
Event: 2.066 Thread 0x00000000021af000 DEOPT UNPACKING pc=0x00000000027d71bf sp=0x00000000024b5a90 mode 1
Event: 2.066 Thread 0x00000000021af000 DEOPT PACKING pc=0x00000000029716b4 sp=0x00000000024b5e70
Event: 2.066 Thread 0x00000000021af000 DEOPT UNPACKING pc=0x00000000027d71bf sp=0x00000000024b5b08 mode 1


Dynamic libraries:
0x000000013f660000 - 0x000000013f697000 	C:\Program Files\Java\jre1.8.0_121\bin\javaw.exe
0x0000000076ed0000 - 0x0000000077079000 	C:\Windows\SYSTEM32\ntdll.dll
0x0000000076cb0000 - 0x0000000076dcf000 	C:\Windows\system32\kernel32.dll
0x000007fefd180000 - 0x000007fefd1eb000 	C:\Windows\system32\KERNELBASE.dll
0x000007fefd320000 - 0x000007fefd3fb000 	C:\Windows\system32\ADVAPI32.dll
0x000007fefdfe0000 - 0x000007fefe07f000 	C:\Windows\system32\msvcrt.dll
0x000007feff080000 - 0x000007feff09f000 	C:\Windows\SYSTEM32\sechost.dll
0x000007fefdb40000 - 0x000007fefdc6d000 	C:\Windows\system32\RPCRT4.dll
0x0000000076dd0000 - 0x0000000076eca000 	C:\Windows\system32\USER32.dll
0x000007feff0f0000 - 0x000007feff157000 	C:\Windows\system32\GDI32.dll
0x000007feff070000 - 0x000007feff07e000 	C:\Windows\system32\LPK.dll
0x000007fefd250000 - 0x000007fefd319000 	C:\Windows\system32\USP10.dll
0x000007fefba70000 - 0x000007fefbc64000 	C:\Windows\WinSxS\amd64_microsoft.windows.common-controls_6595b64144ccf1df_6.0.7601.17514_none_fa396087175ac9ac\COMCTL32.dll
0x000007feff160000 - 0x000007feff1d1000 	C:\Windows\system32\SHLWAPI.dll
0x000007fefdfb0000 - 0x000007fefdfde000 	C:\Windows\system32\IMM32.DLL
0x000007fefe080000 - 0x000007fefe189000 	C:\Windows\system32\MSCTF.dll
0x0000000072a00000 - 0x0000000072ad2000 	C:\Program Files\Java\jre1.8.0_121\bin\msvcr100.dll
0x0000000066bd0000 - 0x000000006746b000 	C:\Program Files\Java\jre1.8.0_121\bin\server\jvm.dll
0x000007fef6700000 - 0x000007fef6709000 	C:\Windows\system32\WSOCK32.dll
0x000007feff0a0000 - 0x000007feff0ed000 	C:\Windows\system32\WS2_32.dll
0x000007fefd720000 - 0x000007fefd728000 	C:\Windows\system32\NSI.dll
0x000007fefa270000 - 0x000007fefa2ab000 	C:\Windows\system32\WINMM.dll
0x000007fefbf60000 - 0x000007fefbf6c000 	C:\Windows\system32\VERSION.dll
0x00000000770a0000 - 0x00000000770a7000 	C:\Windows\system32\PSAPI.DLL
0x0000000072bb0000 - 0x0000000072bbf000 	C:\Program Files\Java\jre1.8.0_121\bin\verify.dll
0x0000000072b80000 - 0x0000000072ba9000 	C:\Program Files\Java\jre1.8.0_121\bin\java.dll
0x00000000729c0000 - 0x00000000729f5000 	C:\Program Files\Java\jre1.8.0_121\bin\jdwp.dll
0x00000000729b0000 - 0x00000000729b8000 	C:\Program Files\Java\jre1.8.0_121\bin\npt.dll
0x0000000072b60000 - 0x0000000072b76000 	C:\Program Files\Java\jre1.8.0_121\bin\zip.dll
0x000007fefe2e0000 - 0x000007feff068000 	C:\Windows\system32\SHELL32.dll
0x000007fefd730000 - 0x000007fefd933000 	C:\Windows\system32\ole32.dll
0x000007fefce20000 - 0x000007fefce2f000 	C:\Windows\system32\profapi.dll
0x00000000728e0000 - 0x00000000728e9000 	C:\Program Files\Java\jre1.8.0_121\bin\dt_socket.dll
0x000007fefaa60000 - 0x000007fefaa75000 	C:\Windows\system32\NLAapi.dll
0x000007fefafc0000 - 0x000007fefafd5000 	C:\Windows\system32\napinsp.dll
0x000007fefafa0000 - 0x000007fefafb9000 	C:\Windows\system32\pnrpnsp.dll
0x000007fefc690000 - 0x000007fefc6e5000 	C:\Windows\System32\mswsock.dll
0x000007fefc510000 - 0x000007fefc56b000 	C:\Windows\system32\DNSAPI.dll
0x000007fefaf90000 - 0x000007fefaf9b000 	C:\Windows\System32\winrnr.dll
0x000007fefa700000 - 0x000007fefa727000 	C:\Windows\system32\IPHLPAPI.DLL
0x000007fefa6e0000 - 0x000007fefa6eb000 	C:\Windows\system32\WINNSI.DLL
0x000007fef98c0000 - 0x000007fef9913000 	C:\Windows\System32\fwpuclnt.dll
0x000007fef8d20000 - 0x000007fef8d28000 	C:\Windows\system32\rasadhlp.dll
0x000007fefc030000 - 0x000007fefc037000 	C:\Windows\System32\wshtcpip.dll
0x000007fef7510000 - 0x000007fef7635000 	C:\Windows\system32\dbghelp.dll

VM Arguments:
jvm_args: -agentlib:jdwp=transport=dt_socket,suspend=y,address=localhost:50426 -Dmaven.home=EMBEDDED -Dclassworlds.conf=C:\Users\Al\workspace.tabMap\.metadata\.plugins\org.eclipse.m2e.launching\launches\m2conf3185840382689910237.tmp -Dmaven.multiModuleProjectDirectory=C:\Users\Al\workspace.tabMap\Brigadab01 -Dfile.encoding=Cp1252 
java_command: org.codehaus.plexus.classworlds.launcher.Launcher -B jetty:stop
java_class_path (initial): /C:/Users/Al/Desktop/Clases/eclipse-jee-neon-1a-win32-x86_64/eclipse/plugins/org.eclipse.m2e.maven.runtime_1.7.0.20160603-1931/jars/plexus-classworlds-2.5.2.jar
Launcher Type: SUN_STANDARD

Environment Variables:
PATH=C:/Program Files/Java/jre1.8.0_121/bin/server;C:/Program Files/Java/jre1.8.0_121/bin;C:/Program Files/Java/jre1.8.0_121/lib/amd64;C:\ProgramData\Oracle\Java\javapath;C:\Windows\system32;C:\Windows;C:\Windows\System32\Wbem;C:\Windows\System32\WindowsPowerShell\v1.0\;C:\Program Files\MySQL\MySQL Utilities 1.6\;C:\Users\AL\Desktop\Clases\eclipse-jee-neon-1a-win32-x86_64\eclipse;
USERNAME=Al
OS=Windows_NT
PROCESSOR_IDENTIFIER=Intel64 Family 6 Model 15 Stepping 11, GenuineIntel



---------------  S Y S T E M  ---------------

OS: Windows 7 , 64 bit Build 7601 (6.1.7601.17514)

CPU:total 4 (4 cores per cpu, 1 threads per core) family 6 model 15 stepping 11, cmov, cx8, fxsr, mmx, sse, sse2, sse3, ssse3, tsc

Memory: 4k page, physical 4192808k(825992k free), swap 8383772k(3835956k free)

vm_info: Java HotSpot(TM) 64-Bit Server VM (25.121-b13) for windows-amd64 JRE (1.8.0_121-b13), built on Dec 12 2016 18:21:36 by "java_re" with MS VC++ 10.0 (VS2010)

time: Wed Feb 15 19:44:45 2017
elapsed time: 2 seconds (0d 0h 0m 2s)

