#
# A fatal error has been detected by the Java Runtime Environment:
#
#  EXCEPTION_ACCESS_VIOLATION (0xc0000005) at pc=0xffffffffa3ad5120, pid=3412, tid=0x00000000000015e0
#
# JRE version: Java(TM) SE Runtime Environment (8.0_121-b13) (build 1.8.0_121-b13)
# Java VM: Java HotSpot(TM) 64-Bit Server VM (25.121-b13 mixed mode windows-amd64 compressed oops)
# Problematic frame:
# C  0xffffffffa3ad5120
#
# Failed to write core dump. Minidumps are not enabled by default on client versions of Windows
#
# If you would like to submit a bug report, please visit:
#   http://bugreport.java.com/bugreport/crash.jsp
#

---------------  T H R E A D  ---------------

Current thread (0x000000005534a800):  JavaThread "Finalizer" daemon [_thread_in_Java, id=5600, stack(0x0000000056400000,0x0000000056500000)]

siginfo: ExceptionCode=0xc0000005, ExceptionInformation=0x0000000000000008 0xffffffffa3ad5120

Registers:
RAX=0xfffffffffee06002, RBX=0x0000000054f2b430, RCX=0x00000000c097de18, RDX=0x00000000c097de18
RSP=0x00000000564ff648, RBP=0x00000000564ff7a0, RSI=0x00000000c097de08, RDI=0x00000000c097de18
R8 =0x0000000000000000, R9 =0x00000000ef20c010, R10=0x000000006b90d0d0, R11=0x0000000002d162e0
R12=0x0000000000000000, R13=0x00000000564ff758, R14=0x0000000000000000, R15=0x000000005534a800
RIP=0xffffffffa3ad5120, EFLAGS=0x0000000000010202

Top of Stack: (sp=0x00000000564ff648)
0x00000000564ff648:   0000000002d18c6c 00000000564ff6e0
0x00000000564ff658:   00000000c097de08 00000000ef117958
0x00000000564ff668:   00000000564ff7a0 00000000564ff7a0
0x00000000564ff678:   0000000002d16cd4 ffffffffffffffff
0x00000000564ff688:   0000000054999230 0000000000000000
0x00000000564ff698:   00000000c097de18 00000000c097de08
0x00000000564ff6a8:   00000000eef7e670 00000000eef7e670
0x00000000564ff6b8:   00000000c0936f18 00000000ef117958
0x00000000564ff6c8:   0000000000000009 00000000eef7e670
0x00000000564ff6d8:   0000000054999528 0000000000000003
0x00000000564ff6e8:   00000000c097de08 ffffffffffffffff
0x00000000564ff6f8:   0000000054999528 00000000564ff7a0
0x00000000564ff708:   0000000002d163cc 00000000eef7e670
0x00000000564ff718:   00000000c0936f18 00000000ecb22968
0x00000000564ff728:   0000000002af9961 00000000c097de18
0x00000000564ff738:   0000000002ad8111 00000000564ff7a0 

Instructions: (pc=0xffffffffa3ad5120)
0xffffffffa3ad5100:   
[error occurred during error reporting (printing registers, top of stack, instructions near pc), id 0xc0000005]

Register to memory mapping:

RAX=0xfffffffffee06002 is an unknown value
RBX=0x0000000054f2b430 is pointing into metadata
RCX=0x00000000c097de18 is an oop
java.lang.ref.ReferenceQueue 
 - klass: 'java/lang/ref/ReferenceQueue'
RDX=0x00000000c097de18 is an oop
java.lang.ref.ReferenceQueue 
 - klass: 'java/lang/ref/ReferenceQueue'
RSP=0x00000000564ff648 is pointing into the stack for thread: 0x000000005534a800
RBP=0x00000000564ff7a0 is pointing into the stack for thread: 0x000000005534a800
RSI=0x00000000c097de08 is an oop
java.lang.ref.ReferenceQueue$Lock 
 - klass: 'java/lang/ref/ReferenceQueue$Lock'
RDI=0x00000000c097de18 is an oop
java.lang.ref.ReferenceQueue 
 - klass: 'java/lang/ref/ReferenceQueue'
R8 =0x0000000000000000 is an unknown value
R9 =0x00000000ef20c010 is an oop
java.util.zip.ZStreamRef 
 - klass: 'java/util/zip/ZStreamRef'
R10=0x000000006b90d0d0 is an unknown value
R11=0x0000000002d162e0 is at entry_point+32 in (nmethod*)0x0000000002d16150
R12=0x0000000000000000 is an unknown value
R13=0x00000000564ff758 is pointing into the stack for thread: 0x000000005534a800
R14=0x0000000000000000 is an unknown value
R15=0x000000005534a800 is a thread


Stack: [0x0000000056400000,0x0000000056500000],  sp=0x00000000564ff648,  free space=1021k
Native frames: (J=compiled Java code, j=interpreted, Vv=VM code, C=native code)
C  0xffffffffa3ad5120


---------------  P R O C E S S  ---------------

Java Threads: ( => current thread )
  0x0000000056a6a000 JavaThread "Service Thread" daemon [_thread_blocked, id=2204, stack(0x0000000057c00000,0x0000000057d00000)]
  0x00000000569f0800 JavaThread "C1 CompilerThread2" daemon [_thread_blocked, id=4512, stack(0x00000000579a0000,0x0000000057aa0000)]
  0x00000000569ef000 JavaThread "C2 CompilerThread1" daemon [_thread_blocked, id=536, stack(0x00000000577b0000,0x00000000578b0000)]
  0x00000000569ea800 JavaThread "C2 CompilerThread0" daemon [_thread_in_native, id=3244, stack(0x00000000575a0000,0x00000000576a0000)]
  0x00000000569e8000 JavaThread "JDWP Command Reader" daemon [_thread_in_native, id=4464, stack(0x00000000576b0000,0x00000000577b0000)]
  0x00000000569db800 JavaThread "JDWP Event Helper Thread" daemon [_thread_blocked, id=1724, stack(0x00000000572b0000,0x00000000573b0000)]
  0x00000000569d6800 JavaThread "JDWP Transport Listener: dt_socket" daemon [_thread_blocked, id=4764, stack(0x00000000573d0000,0x00000000574d0000)]
  0x0000000055363000 JavaThread "Attach Listener" daemon [_thread_blocked, id=4332, stack(0x00000000568d0000,0x00000000569d0000)]
  0x000000005536a000 JavaThread "Signal Dispatcher" daemon [_thread_blocked, id=1536, stack(0x00000000566b0000,0x00000000567b0000)]
=>0x000000005534a800 JavaThread "Finalizer" daemon [_thread_in_Java, id=5600, stack(0x0000000056400000,0x0000000056500000)]
  0x0000000055303800 JavaThread "Reference Handler" daemon [_thread_blocked, id=4100, stack(0x0000000056570000,0x0000000056670000)]
  0x000000000237f000 JavaThread "main" [_thread_in_Java, id=4816, stack(0x0000000002700000,0x0000000002800000)]

Other Threads:
  0x00000000552fc000 VMThread [stack: 0x00000000562c0000,0x00000000563c0000] [id=3824]
  0x0000000056a88800 WatcherThread [stack: 0x0000000057e40000,0x0000000057f40000] [id=3784]

VM state:not at safepoint (normal execution)

VM Mutex/Monitor currently owned by a thread:  ([mutex/lock_event])
[0x000000000237d160] CompiledIC_lock - owner thread: 0x0000000000000000

Heap:
 PSYoungGen      total 73216K, used 9028K [0x00000000eab00000, 0x00000000f3d00000, 0x0000000100000000)
  eden space 65536K, 2% used [0x00000000eab00000,0x00000000eac51ad8,0x00000000eeb00000)
  from space 7680K, 99% used [0x00000000eeb00000,0x00000000ef27f8d0,0x00000000ef280000)
  to   space 9216K, 0% used [0x00000000f3400000,0x00000000f3400000,0x00000000f3d00000)
 ParOldGen       total 44032K, used 10385K [0x00000000c0000000, 0x00000000c2b00000, 0x00000000eab00000)
  object space 44032K, 23% used [0x00000000c0000000,0x00000000c0a24498,0x00000000c2b00000)
 Metaspace       used 18670K, capacity 19208K, committed 19328K, reserved 1067008K
  class space    used 2210K, capacity 2398K, committed 2432K, reserved 1048576K

Card table byte_map: [0x0000000011e90000,0x00000000120a0000] byte_map_base: 0x0000000011890000

Marking Bits: (ParMarkBitMap*) 0x000000006b92b6d0
 Begin Bits: [0x0000000012770000, 0x0000000013770000)
 End Bits:   [0x0000000013770000, 0x0000000014770000)

Polling page: 0x0000000000120000

CodeCache: size=245760Kb used=11524Kb max_used=11537Kb free=234235Kb
 bounds [0x0000000002ad0000, 0x0000000003620000, 0x0000000011ad0000]
 total_blobs=3580 nmethods=3211 adapters=291
 compilation: enabled

Compilation events (10 events):
Event: 4.846 Thread 0x00000000569f0800 nmethod 3245 0x0000000003613ad0 code [0x0000000003613c40, 0x0000000003613e70]
Event: 4.859 Thread 0x00000000569f0800 3246       3       java.lang.Package::<init> (56 bytes)
Event: 4.859 Thread 0x00000000569f0800 nmethod 3246 0x0000000003613f10 code [0x0000000003614060, 0x00000000036142d0]
Event: 4.868 Thread 0x00000000569ea800 3247       4       org.codehaus.plexus.classworlds.realm.ClassRealm::getImportClassLoader (47 bytes)
Event: 4.870 Thread 0x00000000569ef000 3248       4       java.lang.ClassNotFoundException::<init> (7 bytes)
Event: 4.873 Thread 0x00000000569ef000 nmethod 3248 0x00000000036172d0 code [0x0000000003617420, 0x0000000003617768]
Event: 4.878 Thread 0x00000000569ea800 nmethod 3247 0x0000000003614550 code [0x0000000003614700, 0x0000000003614d38]
Event: 4.908 Thread 0x00000000569ef000 3249       4       java.lang.ref.ReferenceQueue::reallyPoll (66 bytes)
Event: 4.908 Thread 0x00000000569ea800 3250   !   4       java.lang.ref.Reference::tryHandlePending (115 bytes)
Event: 4.910 Thread 0x00000000569ef000 nmethod 3249 0x0000000002be3110 code [0x0000000002be3240, 0x0000000002be3358]

GC Heap History (10 events):
Event: 1.585 GC heap before
{Heap before GC invocations=3 (full 0):
 PSYoungGen      total 18944K, used 18943K [0x00000000eab00000, 0x00000000ed000000, 0x0000000100000000)
  eden space 16384K, 100% used [0x00000000eab00000,0x00000000ebb00000,0x00000000ebb00000)
  from space 2560K, 99% used [0x00000000ebd80000,0x00000000ebffff70,0x00000000ec000000)
  to   space 2560K, 0% used [0x00000000ebb00000,0x00000000ebb00000,0x00000000ebd80000)
 ParOldGen       total 44032K, used 754K [0x00000000c0000000, 0x00000000c2b00000, 0x00000000eab00000)
  object space 44032K, 1% used [0x00000000c0000000,0x00000000c00bca18,0x00000000c2b00000)
 Metaspace       used 9549K, capacity 9792K, committed 10112K, reserved 1058816K
  class space    used 1189K, capacity 1281K, committed 1408K, reserved 1048576K
Event: 1.594 GC heap after
Heap after GC invocations=3 (full 0):
 PSYoungGen      total 18944K, used 2536K [0x00000000eab00000, 0x00000000ed000000, 0x0000000100000000)
  eden space 16384K, 0% used [0x00000000eab00000,0x00000000eab00000,0x00000000ebb00000)
  from space 2560K, 99% used [0x00000000ebb00000,0x00000000ebd7a2e0,0x00000000ebd80000)
  to   space 2560K, 0% used [0x00000000ecd80000,0x00000000ecd80000,0x00000000ed000000)
 ParOldGen       total 44032K, used 2428K [0x00000000c0000000, 0x00000000c2b00000, 0x00000000eab00000)
  object space 44032K, 5% used [0x00000000c0000000,0x00000000c025f3a8,0x00000000c2b00000)
 Metaspace       used 9549K, capacity 9792K, committed 10112K, reserved 1058816K
  class space    used 1189K, capacity 1281K, committed 1408K, reserved 1048576K
}
Event: 2.060 GC heap before
{Heap before GC invocations=4 (full 0):
 PSYoungGen      total 18944K, used 18920K [0x00000000eab00000, 0x00000000ed000000, 0x0000000100000000)
  eden space 16384K, 100% used [0x00000000eab00000,0x00000000ebb00000,0x00000000ebb00000)
  from space 2560K, 99% used [0x00000000ebb00000,0x00000000ebd7a2e0,0x00000000ebd80000)
  to   space 2560K, 0% used [0x00000000ecd80000,0x00000000ecd80000,0x00000000ed000000)
 ParOldGen       total 44032K, used 2428K [0x00000000c0000000, 0x00000000c2b00000, 0x00000000eab00000)
  object space 44032K, 5% used [0x00000000c0000000,0x00000000c025f3a8,0x00000000c2b00000)
 Metaspace       used 11614K, capacity 11828K, committed 12160K, reserved 1060864K
  class space    used 1473K, capacity 1576K, committed 1664K, reserved 1048576K
Event: 2.072 GC heap after
Heap after GC invocations=4 (full 0):
 PSYoungGen      total 35328K, used 2544K [0x00000000eab00000, 0x00000000ed000000, 0x0000000100000000)
  eden space 32768K, 0% used [0x00000000eab00000,0x00000000eab00000,0x00000000ecb00000)
  from space 2560K, 99% used [0x00000000ecd80000,0x00000000ecffc030,0x00000000ed000000)
  to   space 2560K, 0% used [0x00000000ecb00000,0x00000000ecb00000,0x00000000ecd80000)
 ParOldGen       total 44032K, used 4790K [0x00000000c0000000, 0x00000000c2b00000, 0x00000000eab00000)
  object space 44032K, 10% used [0x00000000c0000000,0x00000000c04ad940,0x00000000c2b00000)
 Metaspace       used 11614K, capacity 11828K, committed 12160K, reserved 1060864K
  class space    used 1473K, capacity 1576K, committed 1664K, reserved 1048576K
}
Event: 3.048 GC heap before
{Heap before GC invocations=5 (full 0):
 PSYoungGen      total 35328K, used 35312K [0x00000000eab00000, 0x00000000ed000000, 0x0000000100000000)
  eden space 32768K, 100% used [0x00000000eab00000,0x00000000ecb00000,0x00000000ecb00000)
  from space 2560K, 99% used [0x00000000ecd80000,0x00000000ecffc030,0x00000000ed000000)
  to   space 2560K, 0% used [0x00000000ecb00000,0x00000000ecb00000,0x00000000ecd80000)
 ParOldGen       total 44032K, used 4790K [0x00000000c0000000, 0x00000000c2b00000, 0x00000000eab00000)
  object space 44032K, 10% used [0x00000000c0000000,0x00000000c04ad940,0x00000000c2b00000)
 Metaspace       used 14790K, capacity 15054K, committed 15232K, reserved 1062912K
  class space    used 1817K, capacity 1911K, committed 1920K, reserved 1048576K
Event: 3.076 GC heap after
Heap after GC invocations=5 (full 0):
 PSYoungGen      total 35328K, used 2544K [0x00000000eab00000, 0x00000000efa00000, 0x0000000100000000)
  eden space 32768K, 0% used [0x00000000eab00000,0x00000000eab00000,0x00000000ecb00000)
  from space 2560K, 99% used [0x00000000ecb00000,0x00000000ecd7c010,0x00000000ecd80000)
  to   space 7680K, 0% used [0x00000000ef280000,0x00000000ef280000,0x00000000efa00000)
 ParOldGen       total 44032K, used 9260K [0x00000000c0000000, 0x00000000c2b00000, 0x00000000eab00000)
  object space 44032K, 21% used [0x00000000c0000000,0x00000000c090b1f0,0x00000000c2b00000)
 Metaspace       used 14790K, capacity 15054K, committed 15232K, reserved 1062912K
  class space    used 1817K, capacity 1911K, committed 1920K, reserved 1048576K
}
Event: 3.714 GC heap before
{Heap before GC invocations=6 (full 0):
 PSYoungGen      total 35328K, used 35312K [0x00000000eab00000, 0x00000000efa00000, 0x0000000100000000)
  eden space 32768K, 100% used [0x00000000eab00000,0x00000000ecb00000,0x00000000ecb00000)
  from space 2560K, 99% used [0x00000000ecb00000,0x00000000ecd7c010,0x00000000ecd80000)
  to   space 7680K, 0% used [0x00000000ef280000,0x00000000ef280000,0x00000000efa00000)
 ParOldGen       total 44032K, used 9260K [0x00000000c0000000, 0x00000000c2b00000, 0x00000000eab00000)
  object space 44032K, 21% used [0x00000000c0000000,0x00000000c090b1f0,0x00000000c2b00000)
 Metaspace       used 15718K, capacity 16088K, committed 16384K, reserved 1062912K
  class space    used 1909K, capacity 2018K, committed 2048K, reserved 1048576K
Event: 3.754 GC heap after
Heap after GC invocations=6 (full 0):
 PSYoungGen      total 73216K, used 4995K [0x00000000eab00000, 0x00000000efa00000, 0x0000000100000000)
  eden space 65536K, 0% used [0x00000000eab00000,0x00000000eab00000,0x00000000eeb00000)
  from space 7680K, 65% used [0x00000000ef280000,0x00000000ef760ff0,0x00000000efa00000)
  to   space 7680K, 0% used [0x00000000eeb00000,0x00000000eeb00000,0x00000000ef280000)
 ParOldGen       total 44032K, used 9260K [0x00000000c0000000, 0x00000000c2b00000, 0x00000000eab00000)
  object space 44032K, 21% used [0x00000000c0000000,0x00000000c090b1f0,0x00000000c2b00000)
 Metaspace       used 15718K, capacity 16088K, committed 16384K, reserved 1062912K
  class space    used 1909K, capacity 2018K, committed 2048K, reserved 1048576K
}
Event: 4.881 GC heap before
{Heap before GC invocations=7 (full 0):
 PSYoungGen      total 73216K, used 70531K [0x00000000eab00000, 0x00000000efa00000, 0x0000000100000000)
  eden space 65536K, 100% used [0x00000000eab00000,0x00000000eeb00000,0x00000000eeb00000)
  from space 7680K, 65% used [0x00000000ef280000,0x00000000ef760ff0,0x00000000efa00000)
  to   space 7680K, 0% used [0x00000000eeb00000,0x00000000eeb00000,0x00000000ef280000)
 ParOldGen       total 44032K, used 9260K [0x00000000c0000000, 0x00000000c2b00000, 0x00000000eab00000)
  object space 44032K, 21% used [0x00000000c0000000,0x00000000c090b1f0,0x00000000c2b00000)
 Metaspace       used 18531K, capacity 19080K, committed 19328K, reserved 1067008K
  class space    used 2201K, capacity 2398K, committed 2432K, reserved 1048576K
Event: 4.905 GC heap after
Heap after GC invocations=7 (full 0):
 PSYoungGen      total 73216K, used 7678K [0x00000000eab00000, 0x00000000f3d00000, 0x0000000100000000)
  eden space 65536K, 0% used [0x00000000eab00000,0x00000000eab00000,0x00000000eeb00000)
  from space 7680K, 99% used [0x00000000eeb00000,0x00000000ef27f8d0,0x00000000ef280000)
  to   space 9216K, 0% used [0x00000000f3400000,0x00000000f3400000,0x00000000f3d00000)
 ParOldGen       total 44032K, used 10385K [0x00000000c0000000, 0x00000000c2b00000, 0x00000000eab00000)
  object space 44032K, 23% used [0x00000000c0000000,0x00000000c0a24498,0x00000000c2b00000)
 Metaspace       used 18531K, capacity 19080K, committed 19328K, reserved 1067008K
  class space    used 2201K, capacity 2398K, committed 2432K, reserved 1048576K
}

Deoptimization events (10 events):
Event: 4.873 Thread 0x000000000237f000 Uncommon trap: reason=unhandled action=none pc=0x00000000032a4974 method=java.net.URLClassLoader.findClass(Ljava/lang/String;)Ljava/lang/Class; @ 44
Event: 4.874 Thread 0x000000000237f000 Uncommon trap: reason=unhandled action=none pc=0x00000000032a4974 method=java.net.URLClassLoader.findClass(Ljava/lang/String;)Ljava/lang/Class; @ 44
Event: 4.875 Thread 0x000000000237f000 Uncommon trap: reason=unhandled action=none pc=0x00000000032a4974 method=java.net.URLClassLoader.findClass(Ljava/lang/String;)Ljava/lang/Class; @ 44
Event: 4.876 Thread 0x000000000237f000 Uncommon trap: reason=unhandled action=none pc=0x00000000032a4974 method=java.net.URLClassLoader.findClass(Ljava/lang/String;)Ljava/lang/Class; @ 44
Event: 4.877 Thread 0x000000000237f000 Uncommon trap: reason=unhandled action=none pc=0x00000000032a4974 method=java.net.URLClassLoader.findClass(Ljava/lang/String;)Ljava/lang/Class; @ 44
Event: 4.878 Thread 0x000000000237f000 Uncommon trap: reason=unhandled action=none pc=0x00000000032a4974 method=java.net.URLClassLoader.findClass(Ljava/lang/String;)Ljava/lang/Class; @ 44
Event: 4.879 Thread 0x000000000237f000 Uncommon trap: reason=unhandled action=none pc=0x00000000032a4974 method=java.net.URLClassLoader.findClass(Ljava/lang/String;)Ljava/lang/Class; @ 44
Event: 4.879 Thread 0x000000000237f000 Uncommon trap: reason=unhandled action=none pc=0x00000000032a4974 method=java.net.URLClassLoader.findClass(Ljava/lang/String;)Ljava/lang/Class; @ 44
Event: 4.880 Thread 0x000000000237f000 Uncommon trap: reason=unhandled action=none pc=0x00000000032a4974 method=java.net.URLClassLoader.findClass(Ljava/lang/String;)Ljava/lang/Class; @ 44
Event: 4.880 Thread 0x000000000237f000 Uncommon trap: reason=unhandled action=none pc=0x00000000032a4974 method=java.net.URLClassLoader.findClass(Ljava/lang/String;)Ljava/lang/Class; @ 44

Internal exceptions (10 events):
Event: 4.506 Thread 0x000000000237f000 Exception <a 'java/lang/ArrayIndexOutOfBoundsException': 23> (0x00000000edff98c0) thrown at [C:\re\workspace\8-2-build-windows-amd64-cygwin\jdk8u121\8372\hotspot\src\share\vm\interpreter\interpreterRuntime.cpp, line 366]
Event: 4.506 Thread 0x000000000237f000 Exception <a 'java/lang/ArrayIndexOutOfBoundsException': 112> (0x00000000edffb0b8) thrown at [C:\re\workspace\8-2-build-windows-amd64-cygwin\jdk8u121\8372\hotspot\src\share\vm\interpreter\interpreterRuntime.cpp, line 366]
Event: 4.507 Thread 0x000000000237f000 Exception <a 'java/lang/ArrayIndexOutOfBoundsException': 111> (0x00000000edffceb8) thrown at [C:\re\workspace\8-2-build-windows-amd64-cygwin\jdk8u121\8372\hotspot\src\share\vm\interpreter\interpreterRuntime.cpp, line 366]
Event: 4.507 Thread 0x000000000237f000 Exception <a 'java/lang/ArrayIndexOutOfBoundsException': 113> (0x00000000edffebf8) thrown at [C:\re\workspace\8-2-build-windows-amd64-cygwin\jdk8u121\8372\hotspot\src\share\vm\interpreter\interpreterRuntime.cpp, line 366]
Event: 4.566 Thread 0x000000000237f000 Exception <a 'java/lang/ArrayIndexOutOfBoundsException': 37> (0x00000000ee2dadf0) thrown at [C:\re\workspace\8-2-build-windows-amd64-cygwin\jdk8u121\8372\hotspot\src\share\vm\interpreter\interpreterRuntime.cpp, line 366]
Event: 4.566 Thread 0x000000000237f000 Exception <a 'java/lang/ArrayIndexOutOfBoundsException': 72> (0x00000000ee2dc250) thrown at [C:\re\workspace\8-2-build-windows-amd64-cygwin\jdk8u121\8372\hotspot\src\share\vm\interpreter\interpreterRuntime.cpp, line 366]
Event: 4.567 Thread 0x000000000237f000 Exception <a 'java/lang/ArrayIndexOutOfBoundsException': 83> (0x00000000ee2ddb20) thrown at [C:\re\workspace\8-2-build-windows-amd64-cygwin\jdk8u121\8372\hotspot\src\share\vm\interpreter\interpreterRuntime.cpp, line 366]
Event: 4.567 Thread 0x000000000237f000 Exception <a 'java/lang/ArrayIndexOutOfBoundsException': 83> (0x00000000ee2df310) thrown at [C:\re\workspace\8-2-build-windows-amd64-cygwin\jdk8u121\8372\hotspot\src\share\vm\interpreter\interpreterRuntime.cpp, line 366]
Event: 4.802 Thread 0x000000000237f000 Exception <a 'java/lang/NoSuchFieldError': method resolution failed> (0x00000000ee92d2c8) thrown at [C:\re\workspace\8-2-build-windows-amd64-cygwin\jdk8u121\8372\hotspot\src\share\vm\prims\methodHandles.cpp, line 1146]
Event: 4.812 Thread 0x000000000237f000 Exception <a 'java/lang/NoSuchFieldError': method resolution failed> (0x00000000ee93ad58) thrown at [C:\re\workspace\8-2-build-windows-amd64-cygwin\jdk8u121\8372\hotspot\src\share\vm\prims\methodHandles.cpp, line 1146]

Events (10 events):
Event: 4.906 Executing VM operation: RevokeBias
Event: 4.907 Executing VM operation: RevokeBias done
Event: 4.907 Executing VM operation: RevokeBias
Event: 4.907 Executing VM operation: RevokeBias done
Event: 4.908 Executing VM operation: RevokeBias
Event: 4.908 Executing VM operation: RevokeBias done
Event: 4.908 loading class org/eclipse/jetty/http/MimeTypes
Event: 4.908 loading class org/eclipse/jetty/http/MimeTypes done
Event: 4.908 Thread 0x000000000237f000 DEOPT PACKING pc=0x0000000002cecce1 sp=0x00000000027fcbe0
Event: 4.908 Thread 0x000000000237f000 DEOPT UNPACKING pc=0x0000000002b171bf sp=0x00000000027fc910 mode 1


Dynamic libraries:
0x000000013f6d0000 - 0x000000013f707000 	C:\Program Files\Java\jre1.8.0_121\bin\javaw.exe
0x0000000077aa0000 - 0x0000000077c49000 	C:\Windows\SYSTEM32\ntdll.dll
0x0000000077980000 - 0x0000000077a9f000 	C:\Windows\system32\kernel32.dll
0x000007fefdc50000 - 0x000007fefdcbb000 	C:\Windows\system32\KERNELBASE.dll
0x000007feffcd0000 - 0x000007feffdab000 	C:\Windows\system32\ADVAPI32.dll
0x000007fefddf0000 - 0x000007fefde8f000 	C:\Windows\system32\msvcrt.dll
0x000007fefe7f0000 - 0x000007fefe80f000 	C:\Windows\SYSTEM32\sechost.dll
0x000007feff920000 - 0x000007feffa4d000 	C:\Windows\system32\RPCRT4.dll
0x0000000077880000 - 0x000000007797a000 	C:\Windows\system32\USER32.dll
0x000007fefe780000 - 0x000007fefe7e7000 	C:\Windows\system32\GDI32.dll
0x000007fefe810000 - 0x000007fefe81e000 	C:\Windows\system32\LPK.dll
0x000007fefdf70000 - 0x000007fefe039000 	C:\Windows\system32\USP10.dll
0x000007fefc640000 - 0x000007fefc834000 	C:\Windows\WinSxS\amd64_microsoft.windows.common-controls_6595b64144ccf1df_6.0.7601.17514_none_fa396087175ac9ac\COMCTL32.dll
0x000007feffaa0000 - 0x000007feffb11000 	C:\Windows\system32\SHLWAPI.dll
0x000007fefddc0000 - 0x000007fefddee000 	C:\Windows\system32\IMM32.DLL
0x000007feffb20000 - 0x000007feffc29000 	C:\Windows\system32\MSCTF.dll
0x0000000066a00000 - 0x0000000066ad2000 	C:\Program Files\Java\jre1.8.0_121\bin\msvcr100.dll
0x000000006b110000 - 0x000000006b9ab000 	C:\Program Files\Java\jre1.8.0_121\bin\server\jvm.dll
0x000007fef6810000 - 0x000007fef6819000 	C:\Windows\system32\WSOCK32.dll
0x000007feffa50000 - 0x000007feffa9d000 	C:\Windows\system32\WS2_32.dll
0x000007feff7c0000 - 0x000007feff7c8000 	C:\Windows\system32\NSI.dll
0x000007fefae40000 - 0x000007fefae7b000 	C:\Windows\system32\WINMM.dll
0x000007fefcb30000 - 0x000007fefcb3c000 	C:\Windows\system32\VERSION.dll
0x0000000077c70000 - 0x0000000077c77000 	C:\Windows\system32\PSAPI.DLL
0x000000006c670000 - 0x000000006c67f000 	C:\Program Files\Java\jre1.8.0_121\bin\verify.dll
0x000000006c220000 - 0x000000006c249000 	C:\Program Files\Java\jre1.8.0_121\bin\java.dll
0x0000000066e00000 - 0x0000000066e35000 	C:\Program Files\Java\jre1.8.0_121\bin\jdwp.dll
0x00000000694b0000 - 0x00000000694b8000 	C:\Program Files\Java\jre1.8.0_121\bin\npt.dll
0x000000006c3b0000 - 0x000000006c3c6000 	C:\Program Files\Java\jre1.8.0_121\bin\zip.dll
0x000007fefea30000 - 0x000007feff7b8000 	C:\Windows\system32\SHELL32.dll
0x000007fefe820000 - 0x000007fefea23000 	C:\Windows\system32\ole32.dll
0x000007fefd9f0000 - 0x000007fefd9ff000 	C:\Windows\system32\profapi.dll
0x00000000694a0000 - 0x00000000694a9000 	C:\Program Files\Java\jre1.8.0_121\bin\dt_socket.dll
0x000007fefb630000 - 0x000007fefb645000 	C:\Windows\system32\NLAapi.dll
0x000007fefbac0000 - 0x000007fefbad5000 	C:\Windows\system32\napinsp.dll
0x000007fefba30000 - 0x000007fefba49000 	C:\Windows\system32\pnrpnsp.dll
0x000007fefd260000 - 0x000007fefd2b5000 	C:\Windows\System32\mswsock.dll
0x000007fefd0e0000 - 0x000007fefd13b000 	C:\Windows\system32\DNSAPI.dll
0x000007fefba20000 - 0x000007fefba2b000 	C:\Windows\System32\winrnr.dll
0x000007fefb2d0000 - 0x000007fefb2f7000 	C:\Windows\system32\IPHLPAPI.DLL
0x000007fefb2b0000 - 0x000007fefb2bb000 	C:\Windows\system32\WINNSI.DLL
0x000007fefa630000 - 0x000007fefa683000 	C:\Windows\System32\fwpuclnt.dll
0x000007fefb900000 - 0x000007fefb908000 	C:\Windows\system32\rasadhlp.dll
0x000007fefcc00000 - 0x000007fefcc07000 	C:\Windows\System32\wshtcpip.dll
0x000000006c200000 - 0x000000006c21a000 	C:\Program Files\Java\jre1.8.0_121\bin\net.dll
0x000007fefd250000 - 0x000007fefd257000 	C:\Windows\System32\wship6.dll
0x000000006c1e0000 - 0x000000006c1f1000 	C:\Program Files\Java\jre1.8.0_121\bin\nio.dll
0x0000000066db0000 - 0x0000000066dbd000 	C:\Program Files\Java\jre1.8.0_121\bin\management.dll
0x000007fef6c50000 - 0x000007fef6d75000 	C:\Windows\system32\dbghelp.dll

VM Arguments:
jvm_args: -agentlib:jdwp=transport=dt_socket,suspend=y,address=localhost:64967 -Dmaven.home=EMBEDDED -Dclassworlds.conf=C:\Users\Al\workspace.tabMap\.metadata\.plugins\org.eclipse.m2e.launching\launches\m2conf8015776422786974848.tmp -Dmaven.multiModuleProjectDirectory=C:\Users\Al\workspace.tabMap\Brigadab01 -Dfile.encoding=Cp1252 
java_command: org.codehaus.plexus.classworlds.launcher.Launcher -B jetty:run
java_class_path (initial): /C:/Users/Al/Desktop/Clases/eclipse-jee-neon-1a-win32-x86_64/eclipse/plugins/org.eclipse.m2e.maven.runtime_1.7.0.20160603-1931/jars/plexus-classworlds-2.5.2.jar
Launcher Type: SUN_STANDARD

Environment Variables:
PATH=C:/Program Files/Java/jre1.8.0_121/bin/server;C:/Program Files/Java/jre1.8.0_121/bin;C:/Program Files/Java/jre1.8.0_121/lib/amd64;C:\ProgramData\Oracle\Java\javapath;C:\Windows\system32;C:\Windows;C:\Windows\System32\Wbem;C:\Windows\System32\WindowsPowerShell\v1.0\;C:\Program Files\MySQL\MySQL Utilities 1.6\;C:\Users\AL\Desktop\Clases\eclipse-jee-neon-1a-win32-x86_64\eclipse;
USERNAME=Al
OS=Windows_NT
PROCESSOR_IDENTIFIER=Intel64 Family 6 Model 15 Stepping 11, GenuineIntel



---------------  S Y S T E M  ---------------

OS: Windows 7 , 64 bit Build 7601 (6.1.7601.17514)

CPU:total 4 (4 cores per cpu, 1 threads per core) family 6 model 15 stepping 11, cmov, cx8, fxsr, mmx, sse, sse2, sse3, ssse3, tsc

Memory: 4k page, physical 4192808k(1884860k free), swap 8383772k(5259772k free)

vm_info: Java HotSpot(TM) 64-Bit Server VM (25.121-b13) for windows-amd64 JRE (1.8.0_121-b13), built on Dec 12 2016 18:21:36 by "java_re" with MS VC++ 10.0 (VS2010)

time: Wed Feb 15 20:46:01 2017
elapsed time: 4 seconds (0d 0h 0m 4s)

