#
# A fatal error has been detected by the Java Runtime Environment:
#
#  EXCEPTION_ACCESS_VIOLATION (0xc0000005) at pc=0xffffffffa3885120, pid=6832, tid=0x0000000000001a5c
#
# JRE version: Java(TM) SE Runtime Environment (8.0_121-b13) (build 1.8.0_121-b13)
# Java VM: Java HotSpot(TM) 64-Bit Server VM (25.121-b13 mixed mode windows-amd64 compressed oops)
# Problematic frame:
# C  0xffffffffa3885120
#
# Failed to write core dump. Minidumps are not enabled by default on client versions of Windows
#
# If you would like to submit a bug report, please visit:
#   http://bugreport.java.com/bugreport/crash.jsp
#

---------------  T H R E A D  ---------------

Current thread (0x000000000222f000):  JavaThread "main" [_thread_in_Java, id=6748, stack(0x00000000024b0000,0x00000000025b0000)]

siginfo: ExceptionCode=0xc0000005, ExceptionInformation=0x0000000000000008 0xffffffffa3885120

Registers:
RAX=0x0000000000002259, RBX=0x0000000000000118, RCX=0x00000000c1000000, RDX=0x00000000eb986bf0
RSP=0x00000000025ace88, RBP=0x00000000025ad188, RSI=0x00000000eb986bf0, RDI=0x0000000000000000
R8 =0x0000000000000000, R9 =0x00000000025acc08, R10=0x00000000673d6920, R11=0x0000000000000390
R12=0x0000000000000000, R13=0x0000000002df97d4, R14=0x00000000025ace88, R15=0x000000000222f000
RIP=0xffffffffa3885120, EFLAGS=0x0000000000010206

Top of Stack: (sp=0x00000000025ace88)
0x00000000025ace88:   0000000002df9a1c 00000000545b0628
0x00000000025ace98:   00000000025acef0 00000000145b1ef8
0x00000000025acea8:   000000000222f000 00000000025ad130
0x00000000025aceb8:   00000000025acf20 0000000000000000
0x00000000025acec8:   0000000066d4d153 00000000025acf60
0x00000000025aced8:   0000000000000000 000000000222f000
0x00000000025acee8:   0000000066c8aaf8 0000000054c8b648
0x00000000025acef8:   00000000eb986bf0 00000000eb987038
0x00000000025acf08:   00000000ebc9e9e0 00000000ebca6470
0x00000000025acf18:   0000000000000000 00000000eb986bf0
0x00000000025acf28:   0000000000000000 00000000eb986bf0
0x00000000025acf38:   0000000000000000 000000000222f000
0x00000000025acf48:   000000005487f308 000000000222f000
0x00000000025acf58:   00000000eb129b00 00000000025ad188
0x00000000025acf68:   0000000002ba926c 0bebd0ed0bebd0ed
0x00000000025acf78:   00000000025ad0b8 00000000025ad078 

Instructions: (pc=0xffffffffa3885120)
0xffffffffa3885100:   
[error occurred during error reporting (printing registers, top of stack, instructions near pc), id 0xc0000005]

Register to memory mapping:

RAX=0x0000000000002259 is an unknown value
RBX=0x0000000000000118 is an unknown value
RCX=
[error occurred during error reporting (printing register info), id 0xc0000005]

Stack: [0x00000000024b0000,0x00000000025b0000],  sp=0x00000000025ace88,  free space=1011k
Native frames: (J=compiled Java code, j=interpreted, Vv=VM code, C=native code)
C  0xffffffffa3885120


---------------  P R O C E S S  ---------------

Java Threads: ( => current thread )
  0x000000005696e000 JavaThread "Service Thread" daemon [_thread_blocked, id=6552, stack(0x0000000057a90000,0x0000000057b90000)]
  0x00000000568f3800 JavaThread "C1 CompilerThread2" daemon [_thread_blocked, id=4100, stack(0x00000000578c0000,0x00000000579c0000)]
  0x00000000568f2000 JavaThread "C2 CompilerThread1" daemon [_thread_blocked, id=3596, stack(0x0000000057670000,0x0000000057770000)]
  0x00000000568ed800 JavaThread "C2 CompilerThread0" daemon [_thread_blocked, id=6864, stack(0x00000000574f0000,0x00000000575f0000)]
  0x00000000568e2800 JavaThread "JDWP Command Reader" daemon [_thread_in_native, id=6412, stack(0x00000000572b0000,0x00000000573b0000)]
  0x00000000568df000 JavaThread "JDWP Event Helper Thread" daemon [_thread_blocked, id=6428, stack(0x0000000057000000,0x0000000057100000)]
  0x00000000568d1800 JavaThread "JDWP Transport Listener: dt_socket" daemon [_thread_blocked, id=6416, stack(0x0000000057100000,0x0000000057200000)]
  0x0000000054fa3800 JavaThread "Attach Listener" daemon [_thread_blocked, id=6408, stack(0x00000000567d0000,0x00000000568d0000)]
  0x0000000054fae800 JavaThread "Signal Dispatcher" daemon [_thread_blocked, id=6520, stack(0x0000000056650000,0x0000000056750000)]
  0x0000000054f89000 JavaThread "Finalizer" daemon [_thread_blocked, id=4460, stack(0x00000000563d0000,0x00000000564d0000)]
  0x0000000054f42000 JavaThread "Reference Handler" daemon [_thread_blocked, id=5112, stack(0x0000000056130000,0x0000000056230000)]
=>0x000000000222f000 JavaThread "main" [_thread_in_Java, id=6748, stack(0x00000000024b0000,0x00000000025b0000)]

Other Threads:
  0x0000000054f3a800 VMThread [stack: 0x0000000055fe0000,0x00000000560e0000] [id=4896]
  0x0000000056994800 WatcherThread [stack: 0x00000000577c0000,0x00000000578c0000] [id=6592]

VM state:not at safepoint (normal execution)

VM Mutex/Monitor currently owned by a thread: None

Heap:
 PSYoungGen      total 35328K, used 20995K [0x00000000eab00000, 0x00000000ed000000, 0x0000000100000000)
  eden space 32768K, 56% used [0x00000000eab00000,0x00000000ebd04cc0,0x00000000ecb00000)
  from space 2560K, 99% used [0x00000000ecd80000,0x00000000ecffc030,0x00000000ed000000)
  to   space 2560K, 0% used [0x00000000ecb00000,0x00000000ecb00000,0x00000000ecd80000)
 ParOldGen       total 44032K, used 4956K [0x00000000c0000000, 0x00000000c2b00000, 0x00000000eab00000)
  object space 44032K, 11% used [0x00000000c0000000,0x00000000c04d7048,0x00000000c2b00000)
 Metaspace       used 14431K, capacity 14684K, committed 14976K, reserved 1062912K
  class space    used 1787K, capacity 1876K, committed 1920K, reserved 1048576K

Card table byte_map: [0x0000000011c40000,0x0000000011e50000] byte_map_base: 0x0000000011640000

Marking Bits: (ParMarkBitMap*) 0x00000000673eb6d0
 Begin Bits: [0x00000000123b0000, 0x00000000133b0000)
 End Bits:   [0x00000000133b0000, 0x00000000143b0000)

Polling page: 0x0000000000120000

CodeCache: size=245760Kb used=5879Kb max_used=5904Kb free=239880Kb
 bounds [0x0000000002880000, 0x0000000002e50000, 0x0000000011880000]
 total_blobs=1978 nmethods=1649 adapters=251
 compilation: enabled

Compilation events (10 events):
Event: 2.402 Thread 0x00000000568f3800 nmethod 1635 0x0000000002e2ad90 code [0x0000000002e2af40, 0x0000000002e2b368]
Event: 2.402 Thread 0x00000000568f3800 1643       3       java.util.LinkedList::linkLast (59 bytes)
Event: 2.402 Thread 0x00000000568ed800 nmethod 1608 0x0000000002e380d0 code [0x0000000002e38240, 0x0000000002e384f0]
Event: 2.402 Thread 0x00000000568f3800 nmethod 1643 0x0000000002e37710 code [0x0000000002e37880, 0x0000000002e37bb0]
Event: 2.402 Thread 0x00000000568ed800 1642       4       java.lang.reflect.AccessibleObject::setAccessible0 (42 bytes)
Event: 2.402 Thread 0x00000000568f3800 1630       3       java.util.ArrayList::fastRemove (57 bytes)
Event: 2.402 Thread 0x00000000568f3800 nmethod 1630 0x0000000002e37050 code [0x0000000002e371c0, 0x0000000002e375a8]
Event: 2.402 Thread 0x00000000568f3800 1649   !   3       org.apache.maven.model.interpolation.StringSearchModelInterpolator$InterpolateObjectAction$MapField::doInterpolate (162 bytes)
Event: 2.403 Thread 0x00000000568ed800 nmethod 1642 0x0000000002e35890 code [0x0000000002e359e0, 0x0000000002e35a78]
Event: 2.403 Thread 0x00000000568ed800 1611       4       java.lang.StringBuilder::<init> (7 bytes)

GC Heap History (8 events):
Event: 0.653 GC heap before
{Heap before GC invocations=1 (full 0):
 PSYoungGen      total 18944K, used 16384K [0x00000000eab00000, 0x00000000ec000000, 0x0000000100000000)
  eden space 16384K, 100% used [0x00000000eab00000,0x00000000ebb00000,0x00000000ebb00000)
  from space 2560K, 0% used [0x00000000ebd80000,0x00000000ebd80000,0x00000000ec000000)
  to   space 2560K, 0% used [0x00000000ebb00000,0x00000000ebb00000,0x00000000ebd80000)
 ParOldGen       total 44032K, used 0K [0x00000000c0000000, 0x00000000c2b00000, 0x00000000eab00000)
  object space 44032K, 0% used [0x00000000c0000000,0x00000000c0000000,0x00000000c2b00000)
 Metaspace       used 6499K, capacity 6632K, committed 6784K, reserved 1056768K
  class space    used 774K, capacity 828K, committed 896K, reserved 1048576K
Event: 0.659 GC heap after
Heap after GC invocations=1 (full 0):
 PSYoungGen      total 18944K, used 2530K [0x00000000eab00000, 0x00000000ec000000, 0x0000000100000000)
  eden space 16384K, 0% used [0x00000000eab00000,0x00000000eab00000,0x00000000ebb00000)
  from space 2560K, 98% used [0x00000000ebb00000,0x00000000ebd78b20,0x00000000ebd80000)
  to   space 2560K, 0% used [0x00000000ebd80000,0x00000000ebd80000,0x00000000ec000000)
 ParOldGen       total 44032K, used 617K [0x00000000c0000000, 0x00000000c2b00000, 0x00000000eab00000)
  object space 44032K, 1% used [0x00000000c0000000,0x00000000c009a438,0x00000000c2b00000)
 Metaspace       used 6499K, capacity 6632K, committed 6784K, reserved 1056768K
  class space    used 774K, capacity 828K, committed 896K, reserved 1048576K
}
Event: 0.966 GC heap before
{Heap before GC invocations=2 (full 0):
 PSYoungGen      total 18944K, used 18914K [0x00000000eab00000, 0x00000000ec000000, 0x0000000100000000)
  eden space 16384K, 100% used [0x00000000eab00000,0x00000000ebb00000,0x00000000ebb00000)
  from space 2560K, 98% used [0x00000000ebb00000,0x00000000ebd78b20,0x00000000ebd80000)
  to   space 2560K, 0% used [0x00000000ebd80000,0x00000000ebd80000,0x00000000ec000000)
 ParOldGen       total 44032K, used 617K [0x00000000c0000000, 0x00000000c2b00000, 0x00000000eab00000)
  object space 44032K, 1% used [0x00000000c0000000,0x00000000c009a438,0x00000000c2b00000)
 Metaspace       used 7779K, capacity 8008K, committed 8320K, reserved 1056768K
  class space    used 984K, capacity 1052K, committed 1152K, reserved 1048576K
Event: 0.976 GC heap after
Heap after GC invocations=2 (full 0):
 PSYoungGen      total 18944K, used 2535K [0x00000000eab00000, 0x00000000ed000000, 0x0000000100000000)
  eden space 16384K, 0% used [0x00000000eab00000,0x00000000eab00000,0x00000000ebb00000)
  from space 2560K, 99% used [0x00000000ebd80000,0x00000000ebff9ea8,0x00000000ec000000)
  to   space 2560K, 0% used [0x00000000ebb00000,0x00000000ebb00000,0x00000000ebd80000)
 ParOldGen       total 44032K, used 899K [0x00000000c0000000, 0x00000000c2b00000, 0x00000000eab00000)
  object space 44032K, 2% used [0x00000000c0000000,0x00000000c00e0df8,0x00000000c2b00000)
 Metaspace       used 7779K, capacity 8008K, committed 8320K, reserved 1056768K
  class space    used 984K, capacity 1052K, committed 1152K, reserved 1048576K
}
Event: 1.347 GC heap before
{Heap before GC invocations=3 (full 0):
 PSYoungGen      total 18944K, used 18919K [0x00000000eab00000, 0x00000000ed000000, 0x0000000100000000)
  eden space 16384K, 100% used [0x00000000eab00000,0x00000000ebb00000,0x00000000ebb00000)
  from space 2560K, 99% used [0x00000000ebd80000,0x00000000ebff9ea8,0x00000000ec000000)
  to   space 2560K, 0% used [0x00000000ebb00000,0x00000000ebb00000,0x00000000ebd80000)
 ParOldGen       total 44032K, used 899K [0x00000000c0000000, 0x00000000c2b00000, 0x00000000eab00000)
  object space 44032K, 2% used [0x00000000c0000000,0x00000000c00e0df8,0x00000000c2b00000)
 Metaspace       used 9557K, capacity 9792K, committed 10112K, reserved 1058816K
  class space    used 1189K, capacity 1281K, committed 1408K, reserved 1048576K
Event: 1.355 GC heap after
Heap after GC invocations=3 (full 0):
 PSYoungGen      total 18944K, used 2545K [0x00000000eab00000, 0x00000000ed000000, 0x0000000100000000)
  eden space 16384K, 0% used [0x00000000eab00000,0x00000000eab00000,0x00000000ebb00000)
  from space 2560K, 99% used [0x00000000ebb00000,0x00000000ebd7c518,0x00000000ebd80000)
  to   space 2560K, 0% used [0x00000000ecd80000,0x00000000ecd80000,0x00000000ed000000)
 ParOldGen       total 44032K, used 2597K [0x00000000c0000000, 0x00000000c2b00000, 0x00000000eab00000)
  object space 44032K, 5% used [0x00000000c0000000,0x00000000c0289550,0x00000000c2b00000)
 Metaspace       used 9557K, capacity 9792K, committed 10112K, reserved 1058816K
  class space    used 1189K, capacity 1281K, committed 1408K, reserved 1048576K
}
Event: 1.770 GC heap before
{Heap before GC invocations=4 (full 0):
 PSYoungGen      total 18944K, used 18929K [0x00000000eab00000, 0x00000000ed000000, 0x0000000100000000)
  eden space 16384K, 100% used [0x00000000eab00000,0x00000000ebb00000,0x00000000ebb00000)
  from space 2560K, 99% used [0x00000000ebb00000,0x00000000ebd7c518,0x00000000ebd80000)
  to   space 2560K, 0% used [0x00000000ecd80000,0x00000000ecd80000,0x00000000ed000000)
 ParOldGen       total 44032K, used 2597K [0x00000000c0000000, 0x00000000c2b00000, 0x00000000eab00000)
  object space 44032K, 5% used [0x00000000c0000000,0x00000000c0289550,0x00000000c2b00000)
 Metaspace       used 11624K, capacity 11828K, committed 12160K, reserved 1060864K
  class space    used 1474K, capacity 1576K, committed 1664K, reserved 1048576K
Event: 1.780 GC heap after
Heap after GC invocations=4 (full 0):
 PSYoungGen      total 35328K, used 2544K [0x00000000eab00000, 0x00000000ed000000, 0x0000000100000000)
  eden space 32768K, 0% used [0x00000000eab00000,0x00000000eab00000,0x00000000ecb00000)
  from space 2560K, 99% used [0x00000000ecd80000,0x00000000ecffc030,0x00000000ed000000)
  to   space 2560K, 0% used [0x00000000ecb00000,0x00000000ecb00000,0x00000000ecd80000)
 ParOldGen       total 44032K, used 4956K [0x00000000c0000000, 0x00000000c2b00000, 0x00000000eab00000)
  object space 44032K, 11% used [0x00000000c0000000,0x00000000c04d7048,0x00000000c2b00000)
 Metaspace       used 11624K, capacity 11828K, committed 12160K, reserved 1060864K
  class space    used 1474K, capacity 1576K, committed 1664K, reserved 1048576K
}

Deoptimization events (10 events):
Event: 1.846 Thread 0x000000000222f000 Uncommon trap: reason=range_check action=none pc=0x0000000002baa3cc method=sun.reflect.generics.parser.SignatureParser.current()C @ 34
Event: 1.847 Thread 0x000000000222f000 Uncommon trap: reason=range_check action=none pc=0x0000000002baa3cc method=sun.reflect.generics.parser.SignatureParser.current()C @ 34
Event: 1.891 Thread 0x000000000222f000 Uncommon trap: reason=unstable_if action=reinterpret pc=0x0000000002c29248 method=java.util.concurrent.ConcurrentHashMap.putVal(Ljava/lang/Object;Ljava/lang/Object;Z)Ljava/lang/Object; @ 206
Event: 2.078 Thread 0x000000000222f000 Uncommon trap: reason=range_check action=none pc=0x0000000002baa3cc method=sun.reflect.generics.parser.SignatureParser.current()C @ 34
Event: 2.086 Thread 0x000000000222f000 Uncommon trap: reason=null_check action=make_not_entrant pc=0x0000000002a42388 method=java.lang.String.equals(Ljava/lang/Object;)Z @ 8
Event: 2.191 Thread 0x000000000222f000 Uncommon trap: reason=unstable_if action=reinterpret pc=0x0000000002b5da38 method=org.codehaus.plexus.util.xml.pull.MXParser.nextImpl()I @ 972
Event: 2.264 Thread 0x000000000222f000 Uncommon trap: reason=unstable_if action=reinterpret pc=0x0000000002a23684 method=java.lang.String.replace(CC)Ljava/lang/String; @ 2
Event: 2.279 Thread 0x000000000222f000 Uncommon trap: reason=range_check action=none pc=0x0000000002baa3cc method=sun.reflect.generics.parser.SignatureParser.current()C @ 34
Event: 2.280 Thread 0x000000000222f000 Uncommon trap: reason=range_check action=none pc=0x0000000002baa3cc method=sun.reflect.generics.parser.SignatureParser.current()C @ 34
Event: 2.379 Thread 0x000000000222f000 Uncommon trap: reason=unstable_if action=reinterpret pc=0x00000000029e5200 method=java.lang.String.startsWith(Ljava/lang/String;I)Z @ 25

Internal exceptions (10 events):
Event: 2.078 Thread 0x000000000222f000 Exception <a 'java/lang/ArrayIndexOutOfBoundsException': 71> (0x00000000eb3e36a8) thrown at [C:\re\workspace\8-2-build-windows-amd64-cygwin\jdk8u121\8372\hotspot\src\share\vm\interpreter\interpreterRuntime.cpp, line 366]
Event: 2.086 Thread 0x000000000222f000 Implicit null exception at 0x0000000002a4210b to 0x0000000002a42379
Event: 2.154 Thread 0x000000000222f000 Exception <a 'java/lang/NullPointerException'> (0x00000000eb686330) thrown at [C:\re\workspace\8-2-build-windows-amd64-cygwin\jdk8u121\8372\hotspot\src\share\vm\interpreter\linkResolver.cpp, line 1178]
Event: 2.154 Thread 0x000000000222f000 Exception <a 'java/lang/NullPointerException'> (0x00000000eb686548) thrown at [C:\re\workspace\8-2-build-windows-amd64-cygwin\jdk8u121\8372\hotspot\src\share\vm\interpreter\linkResolver.cpp, line 1178]
Event: 2.154 Thread 0x000000000222f000 Exception <a 'java/lang/NullPointerException'> (0x00000000eb686760) thrown at [C:\re\workspace\8-2-build-windows-amd64-cygwin\jdk8u121\8372\hotspot\src\share\vm\interpreter\linkResolver.cpp, line 1178]
Event: 2.156 Thread 0x000000000222f000 Exception <a 'java/lang/NullPointerException'> (0x00000000eb69f2d8) thrown at [C:\re\workspace\8-2-build-windows-amd64-cygwin\jdk8u121\8372\hotspot\src\share\vm\interpreter\linkResolver.cpp, line 1178]
Event: 2.156 Thread 0x000000000222f000 Exception <a 'java/lang/NullPointerException'> (0x00000000eb69f4f0) thrown at [C:\re\workspace\8-2-build-windows-amd64-cygwin\jdk8u121\8372\hotspot\src\share\vm\interpreter\linkResolver.cpp, line 1178]
Event: 2.156 Thread 0x000000000222f000 Exception <a 'java/lang/NullPointerException'> (0x00000000eb69f708) thrown at [C:\re\workspace\8-2-build-windows-amd64-cygwin\jdk8u121\8372\hotspot\src\share\vm\interpreter\linkResolver.cpp, line 1178]
Event: 2.279 Thread 0x000000000222f000 Exception <a 'java/lang/ArrayIndexOutOfBoundsException': 65> (0x00000000eb9bea80) thrown at [C:\re\workspace\8-2-build-windows-amd64-cygwin\jdk8u121\8372\hotspot\src\share\vm\interpreter\interpreterRuntime.cpp, line 366]
Event: 2.280 Thread 0x000000000222f000 Exception <a 'java/lang/ArrayIndexOutOfBoundsException': 89> (0x00000000eb9c1870) thrown at [C:\re\workspace\8-2-build-windows-amd64-cygwin\jdk8u121\8372\hotspot\src\share\vm\interpreter\interpreterRuntime.cpp, line 366]

Events (10 events):
Event: 2.382 Thread 0x000000000222f000 DEOPT PACKING pc=0x0000000002d9567c sp=0x00000000025ac7c0
Event: 2.382 Thread 0x000000000222f000 DEOPT UNPACKING pc=0x00000000028c71bf sp=0x00000000025ac530 mode 1
Event: 2.382 Thread 0x000000000222f000 DEOPT PACKING pc=0x0000000002d95c04 sp=0x00000000025ac8a0
Event: 2.382 Thread 0x000000000222f000 DEOPT UNPACKING pc=0x00000000028c71bf sp=0x00000000025ac4e8 mode 1
Event: 2.382 Thread 0x000000000222f000 DEOPT PACKING pc=0x0000000002a46731 sp=0x00000000025ac710
Event: 2.382 Thread 0x000000000222f000 DEOPT UNPACKING pc=0x00000000028c71bf sp=0x00000000025ac470 mode 1
Event: 2.382 Thread 0x000000000222f000 DEOPT PACKING pc=0x0000000002a8b8a1 sp=0x00000000025ac860
Event: 2.382 Thread 0x000000000222f000 DEOPT UNPACKING pc=0x00000000028c71bf sp=0x00000000025ac5a0 mode 1
Event: 2.382 Thread 0x000000000222f000 DEOPT PACKING pc=0x0000000002a5d274 sp=0x00000000025ac980
Event: 2.382 Thread 0x000000000222f000 DEOPT UNPACKING pc=0x00000000028c71bf sp=0x00000000025ac618 mode 1


Dynamic libraries:
0x000000013f5c0000 - 0x000000013f5f7000 	C:\Program Files\Java\jre1.8.0_121\bin\javaw.exe
0x0000000076ed0000 - 0x0000000077079000 	C:\Windows\SYSTEM32\ntdll.dll
0x0000000076cb0000 - 0x0000000076dcf000 	C:\Windows\system32\kernel32.dll
0x000007fefd180000 - 0x000007fefd1eb000 	C:\Windows\system32\KERNELBASE.dll
0x000007fefd320000 - 0x000007fefd3fb000 	C:\Windows\system32\ADVAPI32.dll
0x000007fefdfe0000 - 0x000007fefe07f000 	C:\Windows\system32\msvcrt.dll
0x000007feff080000 - 0x000007feff09f000 	C:\Windows\SYSTEM32\sechost.dll
0x000007fefdb40000 - 0x000007fefdc6d000 	C:\Windows\system32\RPCRT4.dll
0x0000000076dd0000 - 0x0000000076eca000 	C:\Windows\system32\USER32.dll
0x000007feff0f0000 - 0x000007feff157000 	C:\Windows\system32\GDI32.dll
0x000007feff070000 - 0x000007feff07e000 	C:\Windows\system32\LPK.dll
0x000007fefd250000 - 0x000007fefd319000 	C:\Windows\system32\USP10.dll
0x000007fefba70000 - 0x000007fefbc64000 	C:\Windows\WinSxS\amd64_microsoft.windows.common-controls_6595b64144ccf1df_6.0.7601.17514_none_fa396087175ac9ac\COMCTL32.dll
0x000007feff160000 - 0x000007feff1d1000 	C:\Windows\system32\SHLWAPI.dll
0x000007fefdfb0000 - 0x000007fefdfde000 	C:\Windows\system32\IMM32.DLL
0x000007fefe080000 - 0x000007fefe189000 	C:\Windows\system32\MSCTF.dll
0x0000000066950000 - 0x0000000066a22000 	C:\Program Files\Java\jre1.8.0_121\bin\msvcr100.dll
0x0000000066bd0000 - 0x000000006746b000 	C:\Program Files\Java\jre1.8.0_121\bin\server\jvm.dll
0x000007fef6700000 - 0x000007fef6709000 	C:\Windows\system32\WSOCK32.dll
0x000007feff0a0000 - 0x000007feff0ed000 	C:\Windows\system32\WS2_32.dll
0x000007fefd720000 - 0x000007fefd728000 	C:\Windows\system32\NSI.dll
0x000007fefa270000 - 0x000007fefa2ab000 	C:\Windows\system32\WINMM.dll
0x000007fefbf60000 - 0x000007fefbf6c000 	C:\Windows\system32\VERSION.dll
0x00000000770a0000 - 0x00000000770a7000 	C:\Windows\system32\PSAPI.DLL
0x0000000072bb0000 - 0x0000000072bbf000 	C:\Program Files\Java\jre1.8.0_121\bin\verify.dll
0x0000000072b80000 - 0x0000000072ba9000 	C:\Program Files\Java\jre1.8.0_121\bin\java.dll
0x0000000072aa0000 - 0x0000000072ad5000 	C:\Program Files\Java\jre1.8.0_121\bin\jdwp.dll
0x0000000072a90000 - 0x0000000072a98000 	C:\Program Files\Java\jre1.8.0_121\bin\npt.dll
0x0000000072b60000 - 0x0000000072b76000 	C:\Program Files\Java\jre1.8.0_121\bin\zip.dll
0x000007fefe2e0000 - 0x000007feff068000 	C:\Windows\system32\SHELL32.dll
0x000007fefd730000 - 0x000007fefd933000 	C:\Windows\system32\ole32.dll
0x000007fefce20000 - 0x000007fefce2f000 	C:\Windows\system32\profapi.dll
0x0000000072a80000 - 0x0000000072a89000 	C:\Program Files\Java\jre1.8.0_121\bin\dt_socket.dll
0x000007fefaa60000 - 0x000007fefaa75000 	C:\Windows\system32\NLAapi.dll
0x000007fefafc0000 - 0x000007fefafd5000 	C:\Windows\system32\napinsp.dll
0x000007fefafa0000 - 0x000007fefafb9000 	C:\Windows\system32\pnrpnsp.dll
0x000007fefc690000 - 0x000007fefc6e5000 	C:\Windows\System32\mswsock.dll
0x000007fefc510000 - 0x000007fefc56b000 	C:\Windows\system32\DNSAPI.dll
0x000007fefaf90000 - 0x000007fefaf9b000 	C:\Windows\System32\winrnr.dll
0x000007fefa700000 - 0x000007fefa727000 	C:\Windows\system32\IPHLPAPI.DLL
0x000007fefa6e0000 - 0x000007fefa6eb000 	C:\Windows\system32\WINNSI.DLL
0x000007fef98c0000 - 0x000007fef9913000 	C:\Windows\System32\fwpuclnt.dll
0x000007fef8d20000 - 0x000007fef8d28000 	C:\Windows\system32\rasadhlp.dll
0x000007fefc030000 - 0x000007fefc037000 	C:\Windows\System32\wshtcpip.dll
0x0000000072b40000 - 0x0000000072b5a000 	C:\Program Files\Java\jre1.8.0_121\bin\net.dll
0x000007fefc680000 - 0x000007fefc687000 	C:\Windows\System32\wship6.dll
0x0000000072b20000 - 0x0000000072b31000 	C:\Program Files\Java\jre1.8.0_121\bin\nio.dll
0x000007fef7510000 - 0x000007fef7635000 	C:\Windows\system32\dbghelp.dll

VM Arguments:
jvm_args: -agentlib:jdwp=transport=dt_socket,suspend=y,address=localhost:50219 -Dmaven.home=EMBEDDED -Dclassworlds.conf=C:\Users\Al\workspace.tabMap\.metadata\.plugins\org.eclipse.m2e.launching\launches\m2conf728324310806600934.tmp -Dmaven.multiModuleProjectDirectory=C:\Users\Al\workspace.tabMap\Brigadab01 -Dfile.encoding=Cp1252 
java_command: org.codehaus.plexus.classworlds.launcher.Launcher -B jetty:run
java_class_path (initial): /C:/Users/Al/Desktop/Clases/eclipse-jee-neon-1a-win32-x86_64/eclipse/plugins/org.eclipse.m2e.maven.runtime_1.7.0.20160603-1931/jars/plexus-classworlds-2.5.2.jar
Launcher Type: SUN_STANDARD

Environment Variables:
PATH=C:/Program Files/Java/jre1.8.0_121/bin/server;C:/Program Files/Java/jre1.8.0_121/bin;C:/Program Files/Java/jre1.8.0_121/lib/amd64;C:\ProgramData\Oracle\Java\javapath;C:\Windows\system32;C:\Windows;C:\Windows\System32\Wbem;C:\Windows\System32\WindowsPowerShell\v1.0\;C:\Program Files\MySQL\MySQL Utilities 1.6\;C:\Users\AL\Desktop\Clases\eclipse-jee-neon-1a-win32-x86_64\eclipse;
USERNAME=Al
OS=Windows_NT
PROCESSOR_IDENTIFIER=Intel64 Family 6 Model 15 Stepping 11, GenuineIntel



---------------  S Y S T E M  ---------------

OS: Windows 7 , 64 bit Build 7601 (6.1.7601.17514)

CPU:total 4 (4 cores per cpu, 1 threads per core) family 6 model 15 stepping 11, cmov, cx8, fxsr, mmx, sse, sse2, sse3, ssse3, tsc

Memory: 4k page, physical 4192808k(1419768k free), swap 8383772k(4583536k free)

vm_info: Java HotSpot(TM) 64-Bit Server VM (25.121-b13) for windows-amd64 JRE (1.8.0_121-b13), built on Dec 12 2016 18:21:36 by "java_re" with MS VC++ 10.0 (VS2010)

time: Wed Feb 15 19:13:22 2017
elapsed time: 2 seconds (0d 0h 0m 2s)

